<?xml version="1.0" encoding="UTF-8"?>
<testsuite name="AddressBookTest" tests="1" skipped="0" failures="0" errors="0" timestamp="2019-12-06T09:56:20" hostname="admin1-desktop" time="0.006">
  <properties/>
  <testcase name="deletingPersonDetails" classname="AddressBookTest" time="0.006"/>
  <system-out><![CDATA[]]></system-out>
  <system-err><![CDATA[]]></system-err>
</testsuite>
