<?xml version="1.0" encoding="UTF-8"?>
<testsuite name="AddressBookTest" tests="1" skipped="0" failures="0" errors="0" timestamp="2019-12-04T11:40:13" hostname="admin1-desktop" time="0.271">
  <properties/>
  <testcase name="addingAPersonToAddressBook" classname="AddressBookTest" time="0.271"/>
  <system-out><![CDATA[]]></system-out>
  <system-err><![CDATA[]]></system-err>
</testsuite>
