<?xml version="1.0" encoding="UTF-8"?>
<testsuite name="AddressBookTest" tests="1" skipped="0" failures="0" errors="0" timestamp="2019-12-06T11:48:40" hostname="admin1-desktop" time="0.001">
  <properties/>
  <testcase name="createAddressBookIfWrongPathThrowException" classname="AddressBookTest" time="0.001"/>
  <system-out><![CDATA[]]></system-out>
  <system-err><![CDATA[]]></system-err>
</testsuite>
