<?xml version="1.0" encoding="UTF-8"?>
<testsuite name="AddressBookTest" tests="1" skipped="0" failures="0" errors="0" timestamp="2019-12-05T05:25:24" hostname="admin1-desktop" time="0.031">
  <properties/>
  <testcase name="printingDetails" classname="AddressBookTest" time="0.031"/>
  <system-out><![CDATA[Sl	Name	Address	    City	State	    Zip	    Phone
0	suraj	D-T-1964	ranchi	jharkhand	834004	7739427302
1	raju	D-T-1965	Bangalore	jharkhand	834004	7739427302
2	shubham	D-T-1964	ranchi	jharkhand	834004	7739427302
]]></system-out>
  <system-err><![CDATA[]]></system-err>
</testsuite>
