<?xml version="1.0" encoding="UTF-8"?>
<testsuite name="AddressBookTest" tests="1" skipped="0" failures="0" errors="0" timestamp="2019-12-06T10:35:47" hostname="admin1-desktop" time="0.008">
  <properties/>
  <testcase name="openExistingFile" classname="AddressBookTest" time="0.008"/>
  <system-out><![CDATA[/home/admin1/Desktop/suraj/AdressBook/src/main/resources/vishal.json
]]></system-out>
  <system-err><![CDATA[]]></system-err>
</testsuite>
